Début d'une nouvelle partie à: 3 joueurs
La taille de la grille de jeu est de: 14x14
Difficulté: Normal
Participants:
	moi
	Bot 1
	Bot 2
 
Tour 1
moi cible la flotte de Bot 2
	un missile est tiré sur la case I10
	le missile a touché la cible !
	le score de moi est de 102 084 Points


Tour 2
moi cible la flotte de Bot 2
	un missile est tiré sur la case H10
	le missile est tombé à l'eau...
	le score de moi est de 51 042 Points


Tour 3
Bot 1 cible la flotte de Bot 2
	un missile est tiré sur la case J9
	le missile est tombé à l'eau...
	le score de Bot 1 est de 0 Points


Tour 4
Bot 2 cible la flotte de Bot 1
	un missile est tiré sur la case N14
	le missile est tombé à l'eau...
	le score de Bot 2 est de 0 Points


Tour 5
moi cible la flotte de Bot 2
	un missile est tiré sur la case J10
	le missile est tombé à l'eau...
	le score de moi est de 34 028 Points


Tour 6
Bot 1 cible la flotte de Bot 2
	un missile est tiré sur la case I9
	le missile a touché la cible !
	le score de Bot 1 est de 51 042 Points


Tour 7
Bot 1 cible la flotte de Bot 2
	un missile est tiré sur la case I8
	le missile est tombé à l'eau...
	le score de Bot 1 est de 34 028 Points


Tour 8
Bot 2 cible la flotte de Bot 1
	un missile est tiré sur la case J8
	le missile est tombé à l'eau...
	le score de Bot 2 est de 0 Points


Tour 9
moi cible la flotte de Bot 2
	un missile est tiré sur la case J8
	le missile est tombé à l'eau...
	le score de moi est de 25 521 Points


Tour 10
Bot 1 cible la flotte de Bot 2
	un missile est tiré sur la case H8
	le missile est tombé à l'eau...
	le score de Bot 1 est de 25 521 Points


Tour 11
Bot 2 cible la flotte de Bot 1
	un missile est tiré sur la case L11
	le missile est tombé à l'eau...
	le score de Bot 2 est de 0 Points


Tour 12
moi cible la flotte de Bot 1
	un missile est tiré sur la case B2
	le missile est tombé à l'eau...
	le score de moi est de 20 417 Points


Tour 13
Bot 1 cible la flotte de moi
	un missile est tiré sur la case M3
	le missile est tombé à l'eau...
	le score de Bot 1 est de 20 417 Points


Tour 14
Bot 2 cible la flotte de Bot 1
	un missile est tiré sur la case L6
	le missile est tombé à l'eau...
	le score de Bot 2 est de 0 Points


Tour 15
moi cible la flotte de Bot 1
	un missile est tiré sur la case M6
	le missile est tombé à l'eau...
	le score de moi est de 17 014 Points


Tour 16
Bot 1 cible la flotte de Bot 2
	un missile est tiré sur la case H9
	le missile est tombé à l'eau...
	le score de Bot 1 est de 17 014 Points


Tour 17
Bot 2 cible la flotte de Bot 1
	un missile est tiré sur la case E9
	le missile est tombé à l'eau...
	le score de Bot 2 est de 0 Points


Tour 18
moi cible la flotte de Bot 2
	un missile est tiré sur la case I11
	le missile a coulé un navire de la cible !
	le score de moi est de 29 167 Points


Tour 19
moi cible la flotte de Bot 2
	un missile est tiré sur la case G3
	le missile est tombé à l'eau...
	le score de moi est de 25 521 Points


Tour 20
Bot 1 cible la flotte de Bot 2
	un missile est tiré sur la case D8
	le missile est tombé à l'eau...
	le score de Bot 1 est de 14 584 Points


Tour 21
Bot 2 cible la flotte de Bot 1
	un missile est tiré sur la case L2
	le missile est tombé à l'eau...
	le score de Bot 2 est de 0 Points


Tour 22
moi cible la flotte de Bot 1
	un missile est tiré sur la case D3
	le missile est tombé à l'eau...
	le score de moi est de 22 686 Points


Tour 23
Bot 1 cible la flotte de moi
	un missile est tiré sur la case M2
	le missile est tombé à l'eau...
	le score de Bot 1 est de 12 761 Points


Tour 24
Bot 2 cible la flotte de Bot 1
	un missile est tiré sur la case B10
	le missile est tombé à l'eau...
	le score de Bot 2 est de 0 Points


Tour 25
moi cible la flotte de Bot 1
	un missile est tiré sur la case B3
	le missile est tombé à l'eau...
	le score de moi est de 20 417 Points


Tour 26
Bot 1 cible la flotte de moi
	un missile est tiré sur la case J14
	le missile est tombé à l'eau...
	le score de Bot 1 est de 11 343 Points


Tour 27
Bot 2 cible la flotte de moi
	un missile est tiré sur la case F6
	le missile est tombé à l'eau...
	le score de Bot 2 est de 0 Points


Tour 28
moi cible la flotte de Bot 2
	un missile est tiré sur la case K10
	le missile est tombé à l'eau...
	le score de moi est de 18 561 Points


Tour 29
Bot 1 cible la flotte de moi
	un missile est tiré sur la case K10
	le missile a touché la cible !
	le score de Bot 1 est de 20 417 Points


Tour 30
Bot 1 cible la flotte de moi
	un missile est tiré sur la case L9
	le missile est tombé à l'eau...
	le score de Bot 1 est de 18 561 Points


Tour 31
Bot 2 cible la flotte de moi
	un missile est tiré sur la case J9
	le missile est tombé à l'eau...
	le score de Bot 2 est de 0 Points


Tour 32
moi cible la flotte de Bot 2
	un missile est tiré sur la case C6
	le missile est tombé à l'eau...
	le score de moi est de 17 014 Points


Tour 33
Bot 1 cible la flotte de moi
	un missile est tiré sur la case J11
	le missile est tombé à l'eau...
	le score de Bot 1 est de 17 014 Points


Tour 34
Bot 2 cible la flotte de moi
	un missile est tiré sur la case K11
	le missile a touché la cible !
	le score de Bot 2 est de 10 209 Points


Tour 35
Bot 2 cible la flotte de moi
	un missile est tiré sur la case K12
	le missile a touché la cible !
	le score de Bot 2 est de 18 561 Points


Tour 36
Bot 2 cible la flotte de moi
	un missile est tiré sur la case J12
	le missile est tombé à l'eau...
	le score de Bot 2 est de 17 014 Points


Tour 37
moi cible la flotte de Bot 1
	un missile est tiré sur la case J14
	le missile est tombé à l'eau...
	le score de moi est de 15 706 Points


Tour 38
Bot 1 cible la flotte de moi
	un missile est tiré sur la case L12
	le missile est tombé à l'eau...
	le score de Bot 1 est de 15 706 Points


Tour 39
Bot 2 cible la flotte de moi
	un missile est tiré sur la case J13
	le missile est tombé à l'eau...
	le score de Bot 2 est de 15 706 Points


Tour 40
moi cible la flotte de Bot 1
	un missile est tiré sur la case G13
	le missile est tombé à l'eau...
	le score de moi est de 14 584 Points


Tour 41
Bot 1 cible la flotte de moi
	un missile est tiré sur la case K13
	le missile est tombé à l'eau...
	le score de Bot 1 est de 14 584 Points


Tour 42
Bot 2 cible la flotte de moi
	un missile est tiré sur la case L13
	le missile est tombé à l'eau...
	le score de Bot 2 est de 14 584 Points


Tour 43
moi cible la flotte de Bot 1
	un missile est tiré sur la case G12
	le missile est tombé à l'eau...
	le score de moi est de 13 612 Points


Tour 44
Bot 1 cible la flotte de moi
	un missile est tiré sur la case L11
	le missile est tombé à l'eau...
	le score de Bot 1 est de 13 612 Points


Tour 45
Bot 2 cible la flotte de moi
	un missile est tiré sur la case K9
	le missile a coulé un navire de la cible !
	le score de Bot 2 est de 20 417 Points


Tour 46
Bot 2 cible la flotte de moi
	un missile est tiré sur la case D3
	le missile est tombé à l'eau...
	le score de Bot 2 est de 19 141 Points


Tour 47
moi cible la flotte de Bot 2
	un missile est tiré sur la case F9
	le missile est tombé à l'eau...
	le score de moi est de 12 761 Points


Tour 48
Bot 1 cible la flotte de moi
	un missile est tiré sur la case I7
	le missile est tombé à l'eau...
	le score de Bot 1 est de 12 761 Points


Tour 49
Bot 2 cible la flotte de Bot 1
	un missile est tiré sur la case N1
	le missile est tombé à l'eau...
	le score de Bot 2 est de 18 015 Points


Tour 50
moi cible la flotte de Bot 1
	un missile est tiré sur la case E7
	le missile est tombé à l'eau...
	le score de moi est de 12 010 Points


Tour 51
Bot 1 cible la flotte de moi
	un missile est tiré sur la case F8
	le missile est tombé à l'eau...
	le score de Bot 1 est de 12 010 Points


Tour 52
Bot 2 cible la flotte de Bot 1
	un missile est tiré sur la case K2
	le missile est tombé à l'eau...
	le score de Bot 2 est de 17 014 Points


Tour 53
moi cible la flotte de Bot 1
	un missile est tiré sur la case J12
	le missile est tombé à l'eau...
	le score de moi est de 11 343 Points


Tour 54
Bot 1 cible la flotte de moi
	un missile est tiré sur la case E5
	le missile a touché la cible !
	le score de Bot 1 est de 17 014 Points


Tour 55
Bot 1 cible la flotte de moi
	un missile est tiré sur la case E4
	le missile est tombé à l'eau...
	le score de Bot 1 est de 16 119 Points


Tour 56
Bot 2 cible la flotte de moi
	un missile est tiré sur la case D5
	le missile a touché la cible !
	le score de Bot 2 est de 21 492 Points


Tour 57
Bot 2 cible la flotte de moi
	un missile est tiré sur la case D4
	le missile est tombé à l'eau...
	le score de Bot 2 est de 20 417 Points


Tour 58
moi cible la flotte de Bot 2
	un missile est tiré sur la case I14
	le missile est tombé à l'eau...
	le score de moi est de 10 746 Points


Tour 59
Bot 1 cible la flotte de moi
	un missile est tiré sur la case D6
	le missile est tombé à l'eau...
	le score de Bot 1 est de 15 313 Points


Tour 60
Bot 2 cible la flotte de moi
	un missile est tiré sur la case C5
	le missile a touché la cible !
	le score de Bot 2 est de 24 306 Points


Tour 61
Bot 2 cible la flotte de moi
	un missile est tiré sur la case C4
	le missile est tombé à l'eau...
	le score de Bot 2 est de 23 201 Points


Tour 62
moi cible la flotte de Bot 2
	un missile est tiré sur la case D5
	le missile est tombé à l'eau...
	le score de moi est de 10 209 Points


Tour 63
Bot 1 cible la flotte de moi
	un missile est tiré sur la case C6
	le missile est tombé à l'eau...
	le score de Bot 1 est de 14 584 Points


Tour 64
Bot 2 cible la flotte de moi
	un missile est tiré sur la case B5
	le missile est tombé à l'eau...
	le score de Bot 2 est de 22 193 Points


Tour 65
moi cible la flotte de Bot 1
	un missile est tiré sur la case G2
	le missile a touché la cible !
	le score de moi est de 14 584 Points


Tour 66
moi cible la flotte de Bot 1
	un missile est tiré sur la case F2
	le missile est tombé à l'eau...
	le score de moi est de 13 921 Points


Tour 67
Bot 1 cible la flotte de moi
	un missile est tiré sur la case B6
	le missile est tombé à l'eau...
	le score de Bot 1 est de 13 921 Points


Tour 68
Bot 2 cible la flotte de moi
	un missile est tiré sur la case B4
	le missile est tombé à l'eau...
	le score de Bot 2 est de 21 268 Points


Tour 69
moi cible la flotte de Bot 1
	un missile est tiré sur la case H2
	le missile a touché la cible !
	le score de moi est de 17 754 Points


Tour 70
moi cible la flotte de Bot 1
	un missile est tiré sur la case H3
	le missile est tombé à l'eau...
	le score de moi est de 17 014 Points


Tour 71
Bot 1 cible la flotte de moi
	un missile est tiré sur la case E6
	le missile a touché la cible !
	le score de Bot 1 est de 17 754 Points


Tour 72
Bot 1 cible la flotte de moi
	un missile est tiré sur la case E7
	le missile a touché la cible !
	le score de Bot 1 est de 21 268 Points


Tour 73
Bot 1 cible la flotte de moi
	un missile est tiré sur la case D7
	le missile est tombé à l'eau...
	le score de Bot 1 est de 20 417 Points


Tour 74
Bot 2 cible la flotte de Bot 1
	un missile est tiré sur la case G3
	le missile a touché la cible !
	le score de Bot 2 est de 24 500 Points


Tour 75
Bot 2 cible la flotte de Bot 1
	un missile est tiré sur la case F3
	le missile est tombé à l'eau...
	le score de Bot 2 est de 23 558 Points


