Début d'une nouvelle partie à: 3 joueurs
La taille de la grille de jeu est de: 16x16
Difficulté: Normal
Participants:
	moi
	Bot 1
	Bot 2
 
Tour 1
moi cible la flotte de Bot 1
	un missile est tiré sur la case H8
	le missile est tombé à l'eau...
	le score de moi est de 0 Points


Tour 2
Bot 1 cible la flotte de moi
	un missile est tiré sur la case P10
	le missile est tombé à l'eau...
	le score de Bot 1 est de 0 Points


Tour 3
Bot 2 cible la flotte de Bot 1
	un missile est tiré sur la case P2
	le missile est tombé à l'eau...
	le score de Bot 2 est de 0 Points


Tour 4
moi cible la flotte de Bot 1
	un missile est tiré sur la case N12
	le missile est tombé à l'eau...
	le score de moi est de 0 Points


Tour 5
Bot 1 cible la flotte de moi
	un missile est tiré sur la case A8
	le missile est tombé à l'eau...
	le score de Bot 1 est de 0 Points


Tour 6
Bot 2 cible la flotte de Bot 1
	un missile est tiré sur la case D7
	le missile est tombé à l'eau...
	le score de Bot 2 est de 0 Points


Tour 7
moi cible la flotte de Bot 1
	un missile est tiré sur la case G4
	le missile est tombé à l'eau...
	le score de moi est de 0 Points


Tour 8
Bot 1 cible la flotte de moi
	un missile est tiré sur la case K14
	le missile a touché la cible !
	le score de Bot 1 est de 53 334 Points


Tour 9
Bot 1 cible la flotte de moi
	un missile est tiré sur la case L13
	le missile est tombé à l'eau...
	le score de Bot 1 est de 40 000 Points


Tour 10
Bot 2 cible la flotte de Bot 1
	un missile est tiré sur la case H13
	le missile est tombé à l'eau...
	le score de Bot 2 est de 0 Points


Tour 11
moi cible la flotte de Bot 1
	un missile est tiré sur la case G12
	le missile est tombé à l'eau...
	le score de moi est de 0 Points


Tour 12
Bot 1 cible la flotte de moi
	un missile est tiré sur la case K13
	le missile a touché la cible !
	le score de Bot 1 est de 64 000 Points


Tour 13
Bot 1 cible la flotte de moi
	un missile est tiré sur la case J12
	le missile est tombé à l'eau...
	le score de Bot 1 est de 53 334 Points


Tour 14
Bot 2 cible la flotte de moi
	un missile est tiré sur la case J13
	le missile est tombé à l'eau...
	le score de Bot 2 est de 0 Points


